# JRE version: OpenJDK Runtime Environment (8.0_171-b11) (build 1.8.0_171-8u171-b11-0ubuntu0.18.04.1-b11)
# Java VM: OpenJDK 64-Bit Server VM (25.171-b11 mixed mode linux-amd64 compressed oops)
Heap:
 PSYoungGen      total 448512K, used 93671K [0x00000000d6f00000, 0x0000000100000000, 0x0000000100000000)
  eden space 224256K, 0% used [0x00000000d6f00000,0x00000000d6f00000,0x00000000e4a00000)
  from space 224256K, 41% used [0x00000000e4a00000,0x00000000ea579d60,0x00000000f2500000)
  to   space 224256K, 0% used [0x00000000f2500000,0x00000000f2500000,0x0000000100000000)
 ParOldGen       total 879616K, used 879418K [0x0000000084c00000, 0x00000000ba700000, 0x00000000d6f00000)
  object space 879616K, 99% used [0x0000000084c00000,0x00000000ba6cea50,0x00000000ba700000)
 Metaspace       used 11883K, capacity 12096K, committed 12288K, reserved 1060864K
  class space    used 1344K, capacity 1417K, committed 1536K, reserved 1048576K
GC Heap History (10 events):
Event: 9.866 GC heap after
Heap after GC invocations=10 (full 3):
 PSYoungGen      total 332288K, used 154592K [0x00000000d6f00000, 0x0000000100000000, 0x0000000100000000)
  eden space 177664K, 0% used [0x00000000d6f00000,0x00000000d6f00000,0x00000000e1c80000)
  from space 154624K, 99% used [0x00000000e1c80000,0x00000000eb378368,0x00000000eb380000)
  to   space 224256K, 0% used [0x00000000f2500000,0x00000000f2500000,0x0000000100000000)
 ParOldGen       total 454656K, used 426102K [0x0000000084c00000, 0x00000000a0800000, 0x00000000d6f00000)
  object space 454656K, 93% used [0x0000000084c00000,0x000000009ec1db40,0x00000000a0800000)
 Metaspace       used 11883K, capacity 12096K, committed 12288K, reserved 1060864K
  class space    used 1344K, capacity 1417K, committed 1536K, reserved 1048576K
}
Event: 9.930 GC heap before
{Heap before GC invocations=11 (full 4):
 PSYoungGen      total 332288K, used 154592K [0x00000000d6f00000, 0x0000000100000000, 0x0000000100000000)
  eden space 177664K, 0% used [0x00000000d6f00000,0x00000000d6f00000,0x00000000e1c80000)
  from space 154624K, 99% used [0x00000000e1c80000,0x00000000eb378368,0x00000000eb380000)
  to   space 224256K, 0% used [0x00000000f2500000,0x00000000f2500000,0x0000000100000000)
 ParOldGen       total 454656K, used 426102K [0x0000000084c00000, 0x00000000a0800000, 0x00000000d6f00000)
  object space 454656K, 93% used [0x0000000084c00000,0x000000009ec1db40,0x00000000a0800000)
 Metaspace       used 11883K, capacity 12096K, committed 12288K, reserved 1060864K
  class space    used 1344K, capacity 1417K, committed 1536K, reserved 1048576K
Event: 10.654 GC heap after
Heap after GC invocations=11 (full 4):
 PSYoungGen      total 332288K, used 122713K [0x00000000d6f00000, 0x0000000100000000, 0x0000000100000000)
  eden space 177664K, 0% used [0x00000000d6f00000,0x00000000d6f00000,0x00000000e1c80000)
  from space 154624K, 79% used [0x00000000e1c80000,0x00000000e94567b8,0x00000000eb380000)
  to   space 224256K, 0% used [0x00000000f2500000,0x00000000f2500000,0x0000000100000000)
 ParOldGen       total 666624K, used 454473K [0x0000000084c00000, 0x00000000ad700000, 0x00000000d6f00000)
  object space 666624K, 68% used [0x0000000084c00000,0x00000000a07d2650,0x00000000ad700000)
 Metaspace       used 11883K, capacity 12096K, committed 12288K, reserved 1060864K
  class space    used 1344K, capacity 1417K, committed 1536K, reserved 1048576K
}
Event: 11.167 GC heap before
{Heap before GC invocations=12 (full 4):
 PSYoungGen      total 332288K, used 300377K [0x00000000d6f00000, 0x0000000100000000, 0x0000000100000000)
  eden space 177664K, 100% used [0x00000000d6f00000,0x00000000e1c80000,0x00000000e1c80000)
  from space 154624K, 79% used [0x00000000e1c80000,0x00000000e94567b8,0x00000000eb380000)
  to   space 224256K, 0% used [0x00000000f2500000,0x00000000f2500000,0x0000000100000000)
 ParOldGen       total 666624K, used 454473K [0x0000000084c00000, 0x00000000ad700000, 0x00000000d6f00000)
  object space 666624K, 68% used [0x0000000084c00000,0x00000000a07d2650,0x00000000ad700000)
 Metaspace       used 11883K, capacity 12096K, committed 12288K, reserved 1060864K
  class space    used 1344K, capacity 1417K, committed 1536K, reserved 1048576K
Event: 15.278 GC heap after
Heap after GC invocations=12 (full 4):
 PSYoungGen      total 448512K, used 224256K [0x00000000d6f00000, 0x0000000100000000, 0x0000000100000000)
  eden space 224256K, 0% used [0x00000000d6f00000,0x00000000d6f00000,0x00000000e4a00000)
  from space 224256K, 100% used [0x00000000f2500000,0x0000000100000000,0x0000000100000000)
  to   space 224256K, 0% used [0x00000000e4a00000,0x00000000e4a00000,0x00000000f2500000)
 ParOldGen       total 666624K, used 532825K [0x0000000084c00000, 0x00000000ad700000, 0x00000000d6f00000)
  object space 666624K, 79% used [0x0000000084c00000,0x00000000a5456520,0x00000000ad700000)
 Metaspace       used 11883K, capacity 12096K, committed 12288K, reserved 1060864K
  class space    used 1344K, capacity 1417K, committed 1536K, reserved 1048576K
}
Event: 15.793 GC heap before
{Heap before GC invocations=13 (full 5):
 PSYoungGen      total 448512K, used 224256K [0x00000000d6f00000, 0x0000000100000000, 0x0000000100000000)
  eden space 224256K, 0% used [0x00000000d6f00000,0x00000000d6f00000,0x00000000e4a00000)
  from space 224256K, 100% used [0x00000000f2500000,0x0000000100000000,0x0000000100000000)
  to   space 224256K, 0% used [0x00000000e4a00000,0x00000000e4a00000,0x00000000f2500000)
 ParOldGen       total 666624K, used 532825K [0x0000000084c00000, 0x00000000ad700000, 0x00000000d6f00000)
  object space 666624K, 79% used [0x0000000084c00000,0x00000000a5456520,0x00000000ad700000)
 Metaspace       used 11883K, capacity 12096K, committed 12288K, reserved 1060864K
  class space    used 1344K, capacity 1417K, committed 1536K, reserved 1048576K
Event: 18.155 GC heap after
Heap after GC invocations=13 (full 5):
 PSYoungGen      total 448512K, used 85671K [0x00000000d6f00000, 0x0000000100000000, 0x0000000100000000)
  eden space 224256K, 0% used [0x00000000d6f00000,0x00000000d6f00000,0x00000000e4a00000)
  from space 224256K, 38% used [0x00000000f2500000,0x00000000f78a9c00,0x0000000100000000)
  to   space 224256K, 0% used [0x00000000e4a00000,0x00000000e4a00000,0x00000000f2500000)
 ParOldGen       total 879616K, used 666575K [0x0000000084c00000, 0x00000000ba700000, 0x00000000d6f00000)
  object space 879616K, 75% used [0x0000000084c00000,0x00000000ad6f3c50,0x00000000ba700000)
 Metaspace       used 11883K, capacity 12096K, committed 12288K, reserved 1060864K
  class space    used 1344K, capacity 1417K, committed 1536K, reserved 1048576K
}
Event: 18.592 GC heap before
{Heap before GC invocations=14 (full 5):
 PSYoungGen      total 448512K, used 309927K [0x00000000d6f00000, 0x0000000100000000, 0x0000000100000000)
  eden space 224256K, 100% used [0x00000000d6f00000,0x00000000e4a00000,0x00000000e4a00000)
  from space 224256K, 38% used [0x00000000f2500000,0x00000000f78a9c00,0x0000000100000000)
  to   space 224256K, 0% used [0x00000000e4a00000,0x00000000e4a00000,0x00000000f2500000)
 ParOldGen       total 879616K, used 666575K [0x0000000084c00000, 0x00000000ba700000, 0x00000000d6f00000)
  object space 879616K, 75% used [0x0000000084c00000,0x00000000ad6f3c50,0x00000000ba700000)
 Metaspace       used 11883K, capacity 12096K, committed 12288K, reserved 1060864K
  class space    used 1344K, capacity 1417K, committed 1536K, reserved 1048576K
Event: 19.406 GC heap after
Heap after GC invocations=14 (full 5):
 PSYoungGen      total 448512K, used 224241K [0x00000000d6f00000, 0x0000000100000000, 0x0000000100000000)
  eden space 224256K, 0% used [0x00000000d6f00000,0x00000000d6f00000,0x00000000e4a00000)
  from space 224256K, 99% used [0x00000000e4a00000,0x00000000f24fc518,0x00000000f2500000)
  to   space 224256K, 0% used [0x00000000f2500000,0x00000000f2500000,0x0000000100000000)
 ParOldGen       total 879616K, used 754117K [0x0000000084c00000, 0x00000000ba700000, 0x00000000d6f00000)
  object space 879616K, 85% used [0x0000000084c00000,0x00000000b2c714b0,0x00000000ba700000)
 Metaspace       used 11883K, capacity 12096K, committed 12288K, reserved 1060864K
  class space    used 1344K, capacity 1417K, committed 1536K, reserved 1048576K
}
Event: 19.406 GC heap before
{Heap before GC invocations=15 (full 6):
 PSYoungGen      total 448512K, used 224241K [0x00000000d6f00000, 0x0000000100000000, 0x0000000100000000)
  eden space 224256K, 0% used [0x00000000d6f00000,0x00000000d6f00000,0x00000000e4a00000)
  from space 224256K, 99% used [0x00000000e4a00000,0x00000000f24fc518,0x00000000f2500000)
  to   space 224256K, 0% used [0x00000000f2500000,0x00000000f2500000,0x0000000100000000)
 ParOldGen       total 879616K, used 754117K [0x0000000084c00000, 0x00000000ba700000, 0x00000000d6f00000)
  object space 879616K, 85% used [0x0000000084c00000,0x00000000b2c714b0,0x00000000ba700000)
 Metaspace       used 11883K, capacity 12096K, committed 12288K, reserved 1060864K
  class space    used 1344K, capacity 1417K, committed 1536K, reserved 1048576K

